<?xml version="1.0" encoding="UTF-8"?>
<testsuite name="com.kodowaniebezcenzury.subieslaw.stockprice.model.StockMonitorTest" tests="4" skipped="0" failures="0" errors="0" timestamp="2021-08-26T21:02:56" hostname="DESKTOP-VK2LUC3" time="0.376">
  <properties/>
  <testcase name="should_verify_component_iteractions()" classname="com.kodowaniebezcenzury.subieslaw.stockprice.model.StockMonitorTest" time="0.357"/>
  <testcase name="should_trigger_alert_when_price_under_limit()" classname="com.kodowaniebezcenzury.subieslaw.stockprice.model.StockMonitorTest" time="0.008"/>
  <testcase name="should_get_current_stock_price()" classname="com.kodowaniebezcenzury.subieslaw.stockprice.model.StockMonitorTest" time="0.005"/>
  <testcase name="should_register_stock_for_monitoring()" classname="com.kodowaniebezcenzury.subieslaw.stockprice.model.StockMonitorTest" time="0.002"/>
  <system-out><![CDATA[]]></system-out>
  <system-err><![CDATA[]]></system-err>
</testsuite>
